{"numFailedTestSuites":0,"numFailedTests":0,"numPassedTestSuites":6,"numPassedTests":48,"numPendingTestSuites":0,"numPendingTests":0,"numRuntimeErrorTestSuites":0,"numTodoTests":0,"numTotalTestSuites":6,"numTotalTests":48,"openHandles":[],"snapshot":{"added":0,"didUpdate":false,"failure":false,"filesAdded":0,"filesRemoved":0,"filesRemovedList":[],"filesUnmatched":0,"filesUpdated":0,"matched":0,"total":0,"unchecked":0,"uncheckedKeysByFile":[],"unmatched":0,"updated":0},"startTime":1746094909837,"success":true,"testResults":[{"assertionResults":[{"ancestorTitles":["CustomWebChat"],"duration":290,"failureDetails":[],"failureMessages":[],"fullName":"CustomWebChat renders the chat interface correctly","invocations":1,"location":null,"numPassingAsserts":6,"retryReasons":[],"status":"passed","title":"renders the chat interface correctly"},{"ancestorTitles":["CustomWebChat"],"duration":42,"failureDetails":[],"failureMessages":[],"fullName":"CustomWebChat creates MutationObserver to watch for new messages","invocations":1,"location":null,"numPassingAsserts":2,"retryReasons":[],"status":"passed","title":"creates MutationObserver to watch for new messages"},{"ancestorTitles":["CustomWebChat"],"duration":40,"failureDetails":[],"failureMessages":[],"fullName":"CustomWebChat cleans up observer on unmount","invocations":1,"location":null,"numPassingAsserts":1,"retryReasons":[],"status":"passed","title":"cleans up observer on unmount"},{"ancestorTitles":["CustomWebChat"],"duration":41,"failureDetails":[],"failureMessages":[],"fullName":"CustomWebChat navigates to writing page when bot message contains \"please write your\"","invocations":1,"location":null,"numPassingAsserts":1,"retryReasons":[],"status":"passed","title":"navigates to writing page when bot message contains \"please write your\""},{"ancestorTitles":["CustomWebChat"],"duration":43,"failureDetails":[],"failureMessages":[],"fullName":"CustomWebChat does not navigate on regular bot messages","invocations":1,"location":null,"numPassingAsserts":1,"retryReasons":[],"status":"passed","title":"does not navigate on regular bot messages"},{"ancestorTitles":["CustomWebChat"],"duration":34,"failureDetails":[],"failureMessages":[],"fullName":"CustomWebChat ignores mutations that do not add an article element","invocations":1,"location":null,"numPassingAsserts":1,"retryReasons":[],"status":"passed","title":"ignores mutations that do not add an article element"}],"endTime":1746094919467,"message":"","name":"C:\\Users\\titas\\Desktop\\EnglishReadyPlatform\\EnglishReadyPlatform\\Frontend\\EnglishReadyUI\\src\\Components\\WebChat\\__tests__\\CustomWebChat.test.jsx","startTime":1746094911755,"status":"passed","summary":""},{"assertionResults":[{"ancestorTitles":["TaskInstructions Component"],"duration":304,"failureDetails":[],"failureMessages":[],"fullName":"TaskInstructions Component renders task info (title, description, time, word count)","invocations":1,"location":null,"numPassingAsserts":4,"retryReasons":[],"status":"passed","title":"renders task info (title, description, time, word count)"},{"ancestorTitles":["TaskInstructions Component"],"duration":73,"failureDetails":[],"failureMessages":[],"fullName":"TaskInstructions Component loads section-specific guidelines and hint","invocations":1,"location":null,"numPassingAsserts":4,"retryReasons":[],"status":"passed","title":"loads section-specific guidelines and hint"},{"ancestorTitles":["TaskInstructions Component"],"duration":110,"failureDetails":[],"failureMessages":[],"fullName":"TaskInstructions Component toggles image enlargement","invocations":1,"location":null,"numPassingAsserts":2,"retryReasons":[],"status":"passed","title":"toggles image enlargement"}],"endTime":1746094919647,"message":"","name":"C:\\Users\\titas\\Desktop\\EnglishReadyPlatform\\EnglishReadyPlatform\\Frontend\\EnglishReadyUI\\src\\Components\\Writing\\Question\\__tests__\\TaskInstructions.test.jsx","startTime":1746094911784,"status":"passed","summary":""},{"assertionResults":[{"ancestorTitles":["WritingSidebar","Basic rendering"],"duration":278,"failureDetails":[],"failureMessages":[],"fullName":"WritingSidebar Basic rendering renders initial state correctly","invocations":1,"location":null,"numPassingAsserts":3,"retryReasons":[],"status":"passed","title":"renders initial state correctly"},{"ancestorTitles":["WritingSidebar","Basic rendering"],"duration":74,"failureDetails":[],"failureMessages":[],"fullName":"WritingSidebar Basic rendering renders with section data","invocations":1,"location":null,"numPassingAsserts":2,"retryReasons":[],"status":"passed","title":"renders with section data"},{"ancestorTitles":["WritingSidebar","Basic rendering"],"duration":29,"failureDetails":[],"failureMessages":[],"fullName":"WritingSidebar Basic rendering shows loading state when submitting","invocations":1,"location":null,"numPassingAsserts":1,"retryReasons":[],"status":"passed","title":"shows loading state when submitting"},{"ancestorTitles":["WritingSidebar","Content rendering based on feedback"],"duration":22,"failureDetails":[],"failureMessages":[],"fullName":"WritingSidebar Content rendering based on feedback shows ungraded state with no feedback","invocations":1,"location":null,"numPassingAsserts":2,"retryReasons":[],"status":"passed","title":"shows ungraded state with no feedback"},{"ancestorTitles":["WritingSidebar","Content rendering based on feedback"],"duration":53,"failureDetails":[],"failureMessages":[],"fullName":"WritingSidebar Content rendering based on feedback displays feedback components when available","invocations":1,"location":null,"numPassingAsserts":5,"retryReasons":[],"status":"passed","title":"displays feedback components when available"},{"ancestorTitles":["WritingSidebar","Content rendering based on feedback"],"duration":24,"failureDetails":[],"failureMessages":[],"fullName":"WritingSidebar Content rendering based on feedback displays current grade when feedback is available","invocations":1,"location":null,"numPassingAsserts":1,"retryReasons":[],"status":"passed","title":"displays current grade when feedback is available"},{"ancestorTitles":["WritingSidebar","Interaction handling"],"duration":93,"failureDetails":[],"failureMessages":[],"fullName":"WritingSidebar Interaction handling opens feedback modal when view details is clicked","invocations":1,"location":null,"numPassingAsserts":1,"retryReasons":[],"status":"passed","title":"opens feedback modal when view details is clicked"},{"ancestorTitles":["WritingSidebar","Interaction handling"],"duration":78,"failureDetails":[],"failureMessages":[],"fullName":"WritingSidebar Interaction handling toggles grammar section expansion","invocations":1,"location":null,"numPassingAsserts":2,"retryReasons":[],"status":"passed","title":"toggles grammar section expansion"},{"ancestorTitles":["WritingSidebar","Interaction handling"],"duration":23,"failureDetails":[],"failureMessages":[],"fullName":"WritingSidebar Interaction handling handles submit with correct payload","invocations":1,"location":null,"numPassingAsserts":1,"retryReasons":[],"status":"passed","title":"handles submit with correct payload"},{"ancestorTitles":["WritingSidebar","Interaction handling"],"duration":24,"failureDetails":[],"failureMessages":[],"fullName":"WritingSidebar Interaction handling decrements attempts on submit","invocations":1,"location":null,"numPassingAsserts":2,"retryReasons":[],"status":"passed","title":"decrements attempts on submit"},{"ancestorTitles":["WritingSidebar","Interaction handling"],"duration":13,"failureDetails":[],"failureMessages":[],"fullName":"WritingSidebar Interaction handling disables submit when no attempts remain","invocations":1,"location":null,"numPassingAsserts":2,"retryReasons":[],"status":"passed","title":"disables submit when no attempts remain"},{"ancestorTitles":["WritingSidebar","Interaction handling"],"duration":10,"failureDetails":[],"failureMessages":[],"fullName":"WritingSidebar Interaction handling exit button calls onExit","invocations":1,"location":null,"numPassingAsserts":1,"retryReasons":[],"status":"passed","title":"exit button calls onExit"},{"ancestorTitles":["WritingSidebar","Local storage handling"],"duration":13,"failureDetails":[],"failureMessages":[],"fullName":"WritingSidebar Local storage handling loads attempts from localStorage on mount","invocations":1,"location":null,"numPassingAsserts":1,"retryReasons":[],"status":"passed","title":"loads attempts from localStorage on mount"},{"ancestorTitles":["WritingSidebar","Local storage handling"],"duration":12,"failureDetails":[],"failureMessages":[],"fullName":"WritingSidebar Local storage handling updates localStorage when attempts change","invocations":1,"location":null,"numPassingAsserts":1,"retryReasons":[],"status":"passed","title":"updates localStorage when attempts change"}],"endTime":1746094919775,"message":"","name":"C:\\Users\\titas\\Desktop\\EnglishReadyPlatform\\EnglishReadyPlatform\\Frontend\\EnglishReadyUI\\src\\Components\\Writing\\Sidebar\\__tests__\\WritingSidebar.test.jsx","startTime":1746094911748,"status":"passed","summary":""},{"assertionResults":[{"ancestorTitles":["WritingMode Component"],"duration":463,"failureDetails":[],"failureMessages":[],"fullName":"WritingMode Component renders writing mode component with initial section","invocations":1,"location":null,"numPassingAsserts":3,"retryReasons":[],"status":"passed","title":"renders writing mode component with initial section"},{"ancestorTitles":["WritingMode Component"],"duration":187,"failureDetails":[],"failureMessages":[],"fullName":"WritingMode Component toggles focus mode when button is clicked","invocations":1,"location":null,"numPassingAsserts":3,"retryReasons":[],"status":"passed","title":"toggles focus mode when button is clicked"},{"ancestorTitles":["WritingMode Component"],"duration":144,"failureDetails":[],"failureMessages":[],"fullName":"WritingMode Component changes sections using dropdown","invocations":1,"location":null,"numPassingAsserts":2,"retryReasons":[],"status":"passed","title":"changes sections using dropdown"},{"ancestorTitles":["WritingMode Component"],"duration":63,"failureDetails":[],"failureMessages":[],"fullName":"WritingMode Component navigates between sections using prev/next buttons","invocations":1,"location":null,"numPassingAsserts":4,"retryReasons":[],"status":"passed","title":"navigates between sections using prev/next buttons"},{"ancestorTitles":["WritingMode Component"],"duration":70,"failureDetails":[],"failureMessages":[],"fullName":"WritingMode Component decreases attempt count when submitting a section","invocations":1,"location":null,"numPassingAsserts":3,"retryReasons":[],"status":"passed","title":"decreases attempt count when submitting a section"},{"ancestorTitles":["WritingMode Component"],"duration":38,"failureDetails":[],"failureMessages":[],"fullName":"WritingMode Component saves content when switching between sections","invocations":1,"location":null,"numPassingAsserts":0,"retryReasons":[],"status":"passed","title":"saves content when switching between sections"},{"ancestorTitles":["WritingMode Component"],"duration":79,"failureDetails":[],"failureMessages":[],"fullName":"WritingMode Component auto-saves content periodically","invocations":1,"location":null,"numPassingAsserts":0,"retryReasons":[],"status":"passed","title":"auto-saves content periodically"},{"ancestorTitles":["WritingMode Component"],"duration":22,"failureDetails":[],"failureMessages":[],"fullName":"WritingMode Component exits writing mode when exit button is clicked","invocations":1,"location":null,"numPassingAsserts":1,"retryReasons":[],"status":"passed","title":"exits writing mode when exit button is clicked"},{"ancestorTitles":["WritingMode Component"],"duration":70,"failureDetails":[],"failureMessages":[],"fullName":"WritingMode Component disables submission when no attempts left","invocations":1,"location":null,"numPassingAsserts":3,"retryReasons":[],"status":"passed","title":"disables submission when no attempts left"},{"ancestorTitles":["WritingMode Component"],"duration":77,"failureDetails":[],"failureMessages":[],"fullName":"WritingMode Component persists attempts count in localStorage","invocations":1,"location":null,"numPassingAsserts":2,"retryReasons":[],"status":"passed","title":"persists attempts count in localStorage"},{"ancestorTitles":["WritingMode Component"],"duration":31,"failureDetails":[],"failureMessages":[],"fullName":"WritingMode Component calculates total word count correctly","invocations":1,"location":null,"numPassingAsserts":1,"retryReasons":[],"status":"passed","title":"calculates total word count correctly"},{"ancestorTitles":["WritingMode Component"],"duration":62,"failureDetails":[],"failureMessages":[],"fullName":"WritingMode Component displays feedback data when available","invocations":1,"location":null,"numPassingAsserts":1,"retryReasons":[],"status":"passed","title":"displays feedback data when available"}],"endTime":1746094920217,"message":"","name":"C:\\Users\\titas\\Desktop\\EnglishReadyPlatform\\EnglishReadyPlatform\\Frontend\\EnglishReadyUI\\src\\Components\\Writing\\WritingMode\\__tests__\\WritingMode.test.jsx","startTime":1746094911708,"status":"passed","summary":""},{"assertionResults":[{"ancestorTitles":["WritingModeExitManager Component"],"duration":253,"failureDetails":[],"failureMessages":[],"fullName":"WritingModeExitManager Component renders exit button correctly","invocations":1,"location":null,"numPassingAsserts":1,"retryReasons":[],"status":"passed","title":"renders exit button correctly"},{"ancestorTitles":["WritingModeExitManager Component"],"duration":149,"failureDetails":[],"failureMessages":[],"fullName":"WritingModeExitManager Component clicking exit button shows modal","invocations":1,"location":null,"numPassingAsserts":2,"retryReasons":[],"status":"passed","title":"clicking exit button shows modal"},{"ancestorTitles":["WritingModeExitManager Component"],"duration":62,"failureDetails":[],"failureMessages":[],"fullName":"WritingModeExitManager Component calculates and displays correct final score","invocations":1,"location":null,"numPassingAsserts":1,"retryReasons":[],"status":"passed","title":"calculates and displays correct final score"},{"ancestorTitles":["WritingModeExitManager Component"],"duration":75,"failureDetails":[],"failureMessages":[],"fullName":"WritingModeExitManager Component displays section breakdown with correct scores","invocations":1,"location":null,"numPassingAsserts":3,"retryReasons":[],"status":"passed","title":"displays section breakdown with correct scores"},{"ancestorTitles":["WritingModeExitManager Component"],"duration":609,"failureDetails":[],"failureMessages":[],"fullName":"WritingModeExitManager Component handles exit button in modal correctly","invocations":1,"location":null,"numPassingAsserts":3,"retryReasons":[],"status":"passed","title":"handles exit button in modal correctly"},{"ancestorTitles":["WritingModeExitManager Component"],"duration":34,"failureDetails":[],"failureMessages":[],"fullName":"WritingModeExitManager Component handles continue button in modal correctly","invocations":1,"location":null,"numPassingAsserts":3,"retryReasons":[],"status":"passed","title":"handles continue button in modal correctly"},{"ancestorTitles":["WritingModeExitManager Component"],"duration":24,"failureDetails":[],"failureMessages":[],"fullName":"WritingModeExitManager Component displays appropriate color coding based on scores","invocations":1,"location":null,"numPassingAsserts":3,"retryReasons":[],"status":"passed","title":"displays appropriate color coding based on scores"},{"ancestorTitles":["WritingModeExitManager Component"],"duration":20,"failureDetails":[],"failureMessages":[],"fullName":"WritingModeExitManager Component handles missing section data gracefully","invocations":1,"location":null,"numPassingAsserts":2,"retryReasons":[],"status":"passed","title":"handles missing section data gracefully"},{"ancestorTitles":["WritingModeExitManager Component"],"duration":38,"failureDetails":[],"failureMessages":[],"fullName":"WritingModeExitManager Component displays improvement suggestions from feedback","invocations":1,"location":null,"numPassingAsserts":3,"retryReasons":[],"status":"passed","title":"displays improvement suggestions from feedback"}],"endTime":1746094920382,"message":"","name":"C:\\Users\\titas\\Desktop\\EnglishReadyPlatform\\EnglishReadyPlatform\\Frontend\\EnglishReadyUI\\src\\Components\\Writing\\ExitManger\\__tests__\\ExitManager.test.jsx","startTime":1746094911785,"status":"passed","summary":""},{"assertionResults":[{"ancestorTitles":["WritingArea Component"],"duration":1092,"failureDetails":[],"failureMessages":[],"fullName":"WritingArea Component renders textarea when loaded","invocations":1,"location":null,"numPassingAsserts":1,"retryReasons":[],"status":"passed","title":"renders textarea when loaded"},{"ancestorTitles":["WritingArea Component"],"duration":853,"failureDetails":[],"failureMessages":[],"fullName":"WritingArea Component does not allow submission under 150 words","invocations":1,"location":null,"numPassingAsserts":1,"retryReasons":[],"status":"passed","title":"does not allow submission under 150 words"},{"ancestorTitles":["WritingArea Component"],"duration":853,"failureDetails":[],"failureMessages":[],"fullName":"WritingArea Component updates word count correctly","invocations":1,"location":null,"numPassingAsserts":1,"retryReasons":[],"status":"passed","title":"updates word count correctly"},{"ancestorTitles":["WritingArea Component"],"duration":862,"failureDetails":[],"failureMessages":[],"fullName":"WritingArea Component progress bar updates as text is entered","invocations":1,"location":null,"numPassingAsserts":1,"retryReasons":[],"status":"passed","title":"progress bar updates as text is entered"}],"endTime":1746094922771,"message":"","name":"C:\\Users\\titas\\Desktop\\EnglishReadyPlatform\\EnglishReadyPlatform\\Frontend\\EnglishReadyUI\\src\\Components\\Writing\\WritingArea\\__tests__\\WritingArea.test.jsx","startTime":1746094911762,"status":"passed","summary":""}],"wasInterrupted":false}
